Using pre-set license

 COMMAND LINE ARGUMENTS:
/Applications/Unity/Hub/Editor/2020.3.11f1/Unity.app/Contents/MacOS/Unity
-adb2
-batchMode
-noUpm
-name
AssetImportWorker0
-projectPath
/Users/jforeste/dev/VRClass/WeekSix
-logFile
Logs/AssetImportWorker0.log
-srvPort
61995
Successfully changed project path to: /Users/jforeste/dev/VRClass/WeekSix
/Users/jforeste/dev/VRClass/WeekSix
Using Asset Import Pipeline V2.
Refreshing native plugins compatible for Editor in 31.45 ms, found 2 plugins.
Preloading 0 native plugins for Editor in 0.00 ms.
Initialize engine version: 2020.3.11f1 (99c7afb366b3)
[Subsystems] Discovering subsystems at path /Applications/Unity/Hub/Editor/2020.3.11f1/Unity.app/Contents/Resources/UnitySubsystems
[Subsystems] Discovering subsystems at path /Users/jforeste/dev/VRClass/WeekSix/Assets
GfxDevice: creating device client; threaded=0
2021-11-06 14:56:39.464 Unity[14166:992578] (null) preferred device: Apple M1 (high power)
2021-11-06 14:56:39.464 Unity[14166:992578] Metal devices available: 1
2021-11-06 14:56:39.464 Unity[14166:992578] 0: Apple M1 (high power)
2021-11-06 14:56:39.464 Unity[14166:992578] Using device Apple M1 (high power)
Initializing Metal device caps: Apple M1
Initialize mono
Mono path[0] = '/Applications/Unity/Hub/Editor/2020.3.11f1/Unity.app/Contents/Managed'
Mono path[1] = '/Applications/Unity/Hub/Editor/2020.3.11f1/Unity.app/Contents/MonoBleedingEdge/lib/mono/unityjit'
Mono config path = '/Applications/Unity/Hub/Editor/2020.3.11f1/Unity.app/Contents/MonoBleedingEdge/etc'
Using monoOptions --debugger-agent=transport=dt_socket,embedding=1,server=y,suspend=n,address=127.0.0.1:56166
Begin MonoManager ReloadAssembly
Registering precompiled unity dll's ...
Register platform support module: /Applications/Unity/Hub/Editor/2020.3.11f1/Unity.app/Contents/PlaybackEngines/MacStandaloneSupport/UnityEditor.OSXStandalone.Extensions.dll
Registered in 0.000939 seconds.
Native extension for OSXStandalone target not found
Refreshing native plugins compatible for Editor in 33.10 ms, found 2 plugins.
Preloading 0 native plugins for Editor in 0.00 ms.
Mono: successfully reloaded assembly
- Completed reload, in  3.228 seconds
Platform modules already initialized, skipping
Registering precompiled user dll's ...
Registered in 0.003245 seconds.
Begin MonoManager ReloadAssembly
Native extension for OSXStandalone target not found
Refreshing native plugins compatible for Editor in 32.73 ms, found 2 plugins.
Preloading 0 native plugins for Editor in 0.00 ms.
Mono: successfully reloaded assembly
- Completed reload, in  2.370 seconds
Platform modules already initialized, skipping
========================================================================
Worker process is ready to serve import requests
Launching external process: /Applications/Unity/Hub/Editor/2020.3.11f1/Unity.app/Contents/Tools/UnityShaderCompiler
Launched and connected shader compiler UnityShaderCompiler after 0.04 seconds
Refreshing native plugins compatible for Editor in 0.43 ms, found 2 plugins.
Preloading 0 native plugins for Editor in 0.00 ms.
Unloading 1688 Unused Serialized files (Serialized files now loaded: 0)
System memory in use before: 166.5 MB.
System memory in use after: 166.5 MB.

Unloading 21 unused Assets to reduce memory usage. Loaded Objects now: 2138.
Total: 2.023875 ms (FindLiveObjects: 0.227917 ms CreateObjectMapping: 0.033583 ms MarkObjects: 1.659291 ms  DeleteObjects: 0.102291 ms)

========================================================================
Received Import Request.
  path: Assets/Input/First Person Controls.cs
  artifactKey: Guid(0d2d677a04174419e91b6b34be8057fd) Importer(815301076,1909f56bfc062723c751e8b465ee728b)
Start importing Assets/Input/First Person Controls.cs using Guid(0d2d677a04174419e91b6b34be8057fd) Importer(815301076,1909f56bfc062723c751e8b465ee728b)  -> (artifact id: 'ae650cbd599681d17bc2eb9b9388fc44') in 0.150845 seconds
  Import took 0.160979 seconds .

========================================================================
Received Prepare
Registering precompiled user dll's ...
Registered in 0.002203 seconds.
Begin MonoManager ReloadAssembly
Native extension for OSXStandalone target not found
Refreshing native plugins compatible for Editor in 0.38 ms, found 2 plugins.
Preloading 0 native plugins for Editor in 0.00 ms.
Mono: successfully reloaded assembly
- Completed reload, in  2.609 seconds
Platform modules already initialized, skipping
Refreshing native plugins compatible for Editor in 0.49 ms, found 2 plugins.
Preloading 0 native plugins for Editor in 0.00 ms.
Unloading 1683 Unused Serialized files (Serialized files now loaded: 0)
System memory in use before: 171.0 MB.
System memory in use after: 171.1 MB.

Unloading 14 unused Assets to reduce memory usage. Loaded Objects now: 2141.
Total: 1.599042 ms (FindLiveObjects: 0.169750 ms CreateObjectMapping: 0.033875 ms MarkObjects: 1.322500 ms  DeleteObjects: 0.072167 ms)

